Content-Type: multipart/alternative;
 boundary="===============8192771521452577134=="
MIME-Version: 1.0
Subject: 
 =?utf-8?b?0J/RgNC40YjQu9CwINC30LDRj9Cy0LrQsCDRgSDRgdCw0LnRgtCwINCf0LjRgtCb?=
 =?utf-8?b?0LDQudC9NTk=?=
From: webmaster@localhost
To: pit-line@bk.ru
Date: Sun, 20 Nov 2016 14:58:09 -0000
Message-ID: <20161120145809.5164.59825@che-pc>

--===============8192771521452577134==
Content-Type: text/plain; charset="utf-8"
MIME-Version: 1.0
Content-Transfer-Encoding: 8bit


<h2 class="mdl-card__title-text">Новый заказ с сайта pitline59.ru</h2>
           
<div class="">
    <p>Заказчик: fgh</p>
    <p>телефон:fgh</p>
    <p>emaildfhz@dgf.ru</p>
   <p> ПОЛИРОВКА</p>
    </div>

--===============8192771521452577134==
Content-Type: text/html; charset="utf-8"
MIME-Version: 1.0
Content-Transfer-Encoding: 8bit


<h2 class="mdl-card__title-text">Новый заказ с сайта pitline59.ru</h2>
           
<div class="">
    <p>Заказчик: fgh</p>
    <p>телефон:fgh</p>
    <p>emaildfhz@dgf.ru</p>
   <p> ПОЛИРОВКА</p>
    </div>

--===============8192771521452577134==--

-------------------------------------------------------------------------------
