Content-Type: multipart/alternative;
 boundary="===============1711627819599243780=="
MIME-Version: 1.0
Subject: 
 =?utf-8?b?0J/RgNC40YjQu9CwINC30LDRj9Cy0LrQsCDRgSDRgdCw0LnRgtCwINCf0LjRgtCb?=
 =?utf-8?b?0LDQudC9NTk=?=
From: webmaster@localhost
To: pit-line@bk.ru
Date: Sun, 20 Nov 2016 15:07:29 -0000
Message-ID: <20161120150729.5164.97689@che-pc>

--===============1711627819599243780==
Content-Type: text/plain; charset="utf-8"
MIME-Version: 1.0
Content-Transfer-Encoding: 8bit


<h2 class="mdl-card__title-text">Новый заказ с сайта pitline59.ru</h2>
           
<div class="">
    <p>Заказчик: asdas</p>
    <p>телефон:asd</p>
    <p>emailasd@asf.tyr</p>
   <p> </p>
    </div>

--===============1711627819599243780==
Content-Type: text/html; charset="utf-8"
MIME-Version: 1.0
Content-Transfer-Encoding: 8bit


<h2 class="mdl-card__title-text">Новый заказ с сайта pitline59.ru</h2>
           
<div class="">
    <p>Заказчик: asdas</p>
    <p>телефон:asd</p>
    <p>emailasd@asf.tyr</p>
   <p> </p>
    </div>

--===============1711627819599243780==--

-------------------------------------------------------------------------------
