Content-Type: multipart/alternative;
 boundary="===============2565484949653161198=="
MIME-Version: 1.0
Subject: 
 =?utf-8?b?0J/RgNC40YjQu9CwINC30LDRj9Cy0LrQsCDRgSDRgdCw0LnRgtCwINCf0LjRgtCb?=
 =?utf-8?b?0LDQudC9NTk=?=
From: webmaster@localhost
To: pit-line@bk.ru
Date: Sun, 20 Nov 2016 14:42:55 -0000
Message-ID: <20161120144255.1964.4198@che-pc>

--===============2565484949653161198==
Content-Type: text/plain; charset="utf-8"
MIME-Version: 1.0
Content-Transfer-Encoding: 8bit


<h2 class="mdl-card__title-text">Новый заказ с сайта pitline59.ru</h2>
           
<div class="">
    <p>Заказчик: dfgh</p>
    <p>телефон:фывфы</p>
    <p>emailsdgsd@dfgsdfg.sd</p>
   <p> ПОЛИРОВКА</p>
    </div>

--===============2565484949653161198==
Content-Type: text/html; charset="utf-8"
MIME-Version: 1.0
Content-Transfer-Encoding: 8bit


<h2 class="mdl-card__title-text">Новый заказ с сайта pitline59.ru</h2>
           
<div class="">
    <p>Заказчик: dfgh</p>
    <p>телефон:фывфы</p>
    <p>emailsdgsd@dfgsdfg.sd</p>
   <p> ПОЛИРОВКА</p>
    </div>

--===============2565484949653161198==--

-------------------------------------------------------------------------------
