Content-Type: multipart/alternative;
 boundary="===============6677725160113866041=="
MIME-Version: 1.0
Subject: 
 =?utf-8?b?0J/RgNC40YjQu9CwINC30LDRj9Cy0LrQsCDRgSDRgdCw0LnRgtCwINCf0LjRgtCb?=
 =?utf-8?b?0LDQudC9NTk=?=
From: webmaster@localhost
To: pit-line@bk.ru
Date: Sun, 20 Nov 2016 08:15:10 -0000
Message-ID: <20161120081510.5140.20964@che-pc>

--===============6677725160113866041==
Content-Type: text/plain; charset="utf-8"
MIME-Version: 1.0
Content-Transfer-Encoding: 8bit


<h2 class="mdl-card__title-text">Новый заказ с сайта pitline59.ru</h2>
           
<div class="">
    <p>Заказчик: dsv</p>
    <p>телефон:sdv</p>
    <p>emailsd!@sdgs.rg</p>
   <p> sdv</p>
    </div>

--===============6677725160113866041==
Content-Type: text/html; charset="utf-8"
MIME-Version: 1.0
Content-Transfer-Encoding: 8bit


<h2 class="mdl-card__title-text">Новый заказ с сайта pitline59.ru</h2>
           
<div class="">
    <p>Заказчик: dsv</p>
    <p>телефон:sdv</p>
    <p>emailsd!@sdgs.rg</p>
   <p> sdv</p>
    </div>

--===============6677725160113866041==--

-------------------------------------------------------------------------------
