Content-Type: multipart/alternative;
 boundary="===============1436050217105381501=="
MIME-Version: 1.0
Subject: 
 =?utf-8?b?0J/RgNC40YjQu9CwINC30LDRj9Cy0LrQsCDRgSDRgdCw0LnRgtCwINCf0LjRgtCb?=
 =?utf-8?b?0LDQudC9NTk=?=
From: webmaster@localhost
To: pit-line@bk.ru
Date: Sun, 20 Nov 2016 15:06:11 -0000
Message-ID: <20161120150611.5164.66900@che-pc>

--===============1436050217105381501==
Content-Type: text/plain; charset="utf-8"
MIME-Version: 1.0
Content-Transfer-Encoding: 8bit


<h2 class="mdl-card__title-text">Новый заказ с сайта pitline59.ru</h2>
           
<div class="">
    <p>Заказчик: sdfg</p>
    <p>телефон:sdfg</p>
    <p>emailfbd@sdsd.ru</p>
   <p> </p>
    </div>

--===============1436050217105381501==
Content-Type: text/html; charset="utf-8"
MIME-Version: 1.0
Content-Transfer-Encoding: 8bit


<h2 class="mdl-card__title-text">Новый заказ с сайта pitline59.ru</h2>
           
<div class="">
    <p>Заказчик: sdfg</p>
    <p>телефон:sdfg</p>
    <p>emailfbd@sdsd.ru</p>
   <p> </p>
    </div>

--===============1436050217105381501==--

-------------------------------------------------------------------------------
