Content-Type: multipart/alternative;
 boundary="===============0416258777269998368=="
MIME-Version: 1.0
Subject: 
 =?utf-8?b?0J/RgNC40YjQu9CwINC30LDRj9Cy0LrQsCDRgSDRgdCw0LnRgtCwINCf0LjRgtCb?=
 =?utf-8?b?0LDQudC9NTk=?=
From: webmaster@localhost
To: pit-line@bk.ru
Date: Sun, 16 Oct 2016 16:50:36 -0000
Message-ID: <20161016165036.852.49564@che-pc>

--===============0416258777269998368==
Content-Type: text/plain; charset="utf-8"
MIME-Version: 1.0
Content-Transfer-Encoding: 8bit


<h2 class="mdl-card__title-text">Новый заказ с сайта pitline59.ru</h2>
           
<div class="">
    <p>Заказчик: пып</p>
    <p>телефон:888</p>
    <p>emailche-email@yandex.ru</p>
   <p> </p>
    </div>

--===============0416258777269998368==
Content-Type: text/html; charset="utf-8"
MIME-Version: 1.0
Content-Transfer-Encoding: 8bit


<h2 class="mdl-card__title-text">Новый заказ с сайта pitline59.ru</h2>
           
<div class="">
    <p>Заказчик: пып</p>
    <p>телефон:888</p>
    <p>emailche-email@yandex.ru</p>
   <p> </p>
    </div>

--===============0416258777269998368==--

-------------------------------------------------------------------------------
