Content-Type: multipart/alternative;
 boundary="===============6562993333288981050=="
MIME-Version: 1.0
Subject: 
 =?utf-8?b?0J/RgNC40YjQu9CwINC30LDRj9Cy0LrQsCDRgSDRgdCw0LnRgtCwINCf0LjRgtCb?=
 =?utf-8?b?0LDQudC9NTk=?=
From: webmaster@localhost
To: pit-line@bk.ru
Date: Sun, 16 Oct 2016 15:43:14 -0000
Message-ID: <20161016154314.5276.11891@che-pc>

--===============6562993333288981050==
Content-Type: text/plain; charset="utf-8"
MIME-Version: 1.0
Content-Transfer-Encoding: 8bit


<h2 class="mdl-card__title-text">Новый заказ № </h2>
            
                Стоимость заказа 
                </p>

                <p>
                Дом забронирован на имя 
                </p>
                <p>

                <a href=""> перейди на сайт</a>
                
                </p>

            </div>


--===============6562993333288981050==
Content-Type: text/html; charset="utf-8"
MIME-Version: 1.0
Content-Transfer-Encoding: 8bit


<h2 class="mdl-card__title-text">Новый заказ № </h2>
            
                Стоимость заказа 
                </p>

                <p>
                Дом забронирован на имя 
                </p>
                <p>

                <a href=""> перейди на сайт</a>
                
                </p>

            </div>


--===============6562993333288981050==--

-------------------------------------------------------------------------------
