Content-Type: multipart/alternative;
 boundary="===============1328498551170226131=="
MIME-Version: 1.0
Subject: 
 =?utf-8?b?0J/RgNC40YjQu9CwINC30LDRj9Cy0LrQsCDRgSDRgdCw0LnRgtCwINCf0LjRgtCb?=
 =?utf-8?b?0LDQudC9NTk=?=
From: webmaster@localhost
To: pit-line@bk.ru
Date: Sun, 20 Nov 2016 14:57:57 -0000
Message-ID: <20161120145757.5164.55313@che-pc>

--===============1328498551170226131==
Content-Type: text/plain; charset="utf-8"
MIME-Version: 1.0
Content-Transfer-Encoding: 8bit


<h2 class="mdl-card__title-text">Новый заказ с сайта pitline59.ru</h2>
           
<div class="">
    <p>Заказчик: fgh</p>
    <p>телефон:fgh</p>
    <p>emaildfhz@dgf.uk</p>
   <p> ПОЛИРОВКА</p>
    </div>

--===============1328498551170226131==
Content-Type: text/html; charset="utf-8"
MIME-Version: 1.0
Content-Transfer-Encoding: 8bit


<h2 class="mdl-card__title-text">Новый заказ с сайта pitline59.ru</h2>
           
<div class="">
    <p>Заказчик: fgh</p>
    <p>телефон:fgh</p>
    <p>emaildfhz@dgf.uk</p>
   <p> ПОЛИРОВКА</p>
    </div>

--===============1328498551170226131==--

-------------------------------------------------------------------------------
