Content-Type: multipart/alternative;
 boundary="===============1210527156245825568=="
MIME-Version: 1.0
Subject: 
 =?utf-8?b?0J/RgNC40YjQu9CwINC30LDRj9Cy0LrQsCDRgSDRgdCw0LnRgtCwINCf0LjRgtCb?=
 =?utf-8?b?0LDQudC9NTk=?=
From: webmaster@localhost
To: pit-line@bk.ru
Date: Sun, 20 Nov 2016 14:50:22 -0000
Message-ID: <20161120145022.7712.48187@che-pc>

--===============1210527156245825568==
Content-Type: text/plain; charset="utf-8"
MIME-Version: 1.0
Content-Transfer-Encoding: 8bit


<h2 class="mdl-card__title-text">Новый заказ с сайта pitline59.ru</h2>
           
<div class="">
    <p>Заказчик: вап</p>
    <p>телефон:вап</p>
    <p>emailsdgs@sdgsd.ty</p>
   <p> РЕМОНТ БАМПЕРОВ</p>
    </div>

--===============1210527156245825568==
Content-Type: text/html; charset="utf-8"
MIME-Version: 1.0
Content-Transfer-Encoding: 8bit


<h2 class="mdl-card__title-text">Новый заказ с сайта pitline59.ru</h2>
           
<div class="">
    <p>Заказчик: вап</p>
    <p>телефон:вап</p>
    <p>emailsdgs@sdgsd.ty</p>
   <p> РЕМОНТ БАМПЕРОВ</p>
    </div>

--===============1210527156245825568==--

-------------------------------------------------------------------------------
